终端机在文法中未使用

    MAIN
    GUIDE
    T_STRING
    BOOL
    LSB
    RSB


状态 38 冲突：1 项偏移/归约
状态 77 冲突：2 项偏移/归约
状态 78 冲突：6 项偏移/归约
状态 98 冲突：2 项偏移/归约
状态 99 冲突：2 项偏移/归约


语法

    0 $accept: program $end

    1 program: statements

    2 statements: statement
    3           | statements statement

    4 statement: SEMICOLON
    5          | declaration
    6          | if_statement
    7          | while_statement
    8          | for_statement
    9          | LBRACE statements RBRACE
   10          | printf SEMICOLON
   11          | scanf SEMICOLON

   12 if_statement: IF bool_statement statement ELSE statement
   13             | IF bool_statement statement

   14 while_statement: WHILE bool_statement statement

   15 for_statement: FOR for_bool_statement statement

   16 for_bool_statement: LPAREN declaration SEMICOLON bool_expr SEMICOLON self_assign RPAREN

   17 self_assign: IDENTIFIER SELF_ADD
   18            | IDENTIFIER SELF_SUB
   19            | SELF_ADD IDENTIFIER
   20            | SELF_SUB IDENTIFIER

   21 bool_statement: LPAREN bool_expr RPAREN

   22 printf: PRINTF LPAREN expr RPAREN

   23 scanf: SCANF LPAREN expr RPAREN

   24 declaration: T IDENTIFIER ASSIGN expr SEMICOLON
   25            | T IDENTIFIER SEMICOLON
   26            | T IDENTIFIERS SEMICOLON
   27            | IDENTIFIER ASSIGN expr SEMICOLON
   28            | IDENTIFIER ADD_ASSIGN expr SEMICOLON
   29            | IDENTIFIER SUB_ASSIGN expr SEMICOLON

   30 IDENTIFIERS: IDENTIFIER COMMA IDENTIFIERS
   31            | IDENTIFIER

   32 bool_expr: TRUE
   33          | FALSE
   34          | expr EQ expr
   35          | UN bool_expr
   36          | bool_expr OR bool_expr
   37          | bool_expr AND bool_expr
   38          | expr UNEQ expr
   39          | expr BIGGER expr
   40          | expr SMALLER expr
   41          | expr SMALLER_EQ expr
   42          | expr BIGGER_EQ expr

   43 expr: expr ADD expr
   44     | expr SUB expr
   45     | expr MUL expr
   46     | expr DIV expr
   47     | expr MODULA expr
   48     | UN expr
   49     | SUB expr
   50     | IDENTIFIER
   51     | INTEGER
   52     | CHAR
   53     | STRING

   54 T: T_INT
   55  | T_CHAR
   56  | T_BOOL
   57  | T_VOID


终结语词，附有它们出现处的规则

    $end (0) 0
    error (256)
    MAIN (258)
    PRINTF (259) 22
    SCANF (260) 23
    GUIDE (261)
    T_CHAR (262) 55
    T_INT (263) 54
    T_STRING (264)
    T_BOOL (265) 56
    T_VOID (266) 57
    ASSIGN (267) 24 27
    ADD_ASSIGN (268) 28
    SUB_ASSIGN (269) 29
    SELF_ADD (270) 17 19
    SELF_SUB (271) 18 20
    SEMICOLON (272) 4 10 11 16 24 25 26 27 28 29
    COMMA (273) 30
    IDENTIFIER (274) 17 18 19 20 24 25 27 28 29 30 31 50
    INTEGER (275) 51
    CHAR (276) 52
    BOOL (277)
    STRING (278) 53
    AND (279) 37
    OR (280) 36
    TRUE (281) 32
    FALSE (282) 33
    IF (283) 12 13
    ELSE (284) 12
    WHILE (285) 14
    FOR (286) 15
    EQ (287) 34
    UNEQ (288) 38
    BIGGER (289) 39
    SMALLER (290) 40
    BIGGER_EQ (291) 42
    SMALLER_EQ (292) 41
    ADD (293) 43
    SUB (294) 44 49
    MUL (295) 45
    DIV (296) 46
    MODULA (297) 47
    UN (298) 35 48
    LOWER_THEN_ELSE (299)
    LPAREN (300) 16 21 22 23
    RPAREN (301) 16 21 22 23
    LSB (302)
    RSB (303)
    LBRACE (304) 9
    RBRACE (305) 9


非终结语词，附有它们出现处的规则

    $accept (51)
        on left: 0
    program (52)
        on left: 1
        on right: 0
    statements (53)
        on left: 2 3
        on right: 1 3 9
    statement (54)
        on left: 4 5 6 7 8 9 10 11
        on right: 2 3 12 13 14 15
    if_statement (55)
        on left: 12 13
        on right: 6
    while_statement (56)
        on left: 14
        on right: 7
    for_statement (57)
        on left: 15
        on right: 8
    for_bool_statement (58)
        on left: 16
        on right: 15
    self_assign (59)
        on left: 17 18 19 20
        on right: 16
    bool_statement (60)
        on left: 21
        on right: 12 13 14
    printf (61)
        on left: 22
        on right: 10
    scanf (62)
        on left: 23
        on right: 11
    declaration (63)
        on left: 24 25 26 27 28 29
        on right: 5 16
    IDENTIFIERS (64)
        on left: 30 31
        on right: 26 30
    bool_expr (65)
        on left: 32 33 34 35 36 37 38 39 40 41 42
        on right: 16 21 35 36 37
    expr (66)
        on left: 43 44 45 46 47 48 49 50 51 52 53
        on right: 22 23 24 27 28 29 34 38 39 40 41 42 43 44 45 46 47 48 49
    T (67)
        on left: 54 55 56 57
        on right: 24 25 26


状态 0

    0 $accept: . program $end

    PRINTF      偏移，并进入状态 1
    SCANF       偏移，并进入状态 2
    T_CHAR      偏移，并进入状态 3
    T_INT       偏移，并进入状态 4
    T_BOOL      偏移，并进入状态 5
    T_VOID      偏移，并进入状态 6
    SEMICOLON   偏移，并进入状态 7
    IDENTIFIER  偏移，并进入状态 8
    IF          偏移，并进入状态 9
    WHILE       偏移，并进入状态 10
    FOR         偏移，并进入状态 11
    LBRACE      偏移，并进入状态 12

    program          转到状态 13
    statements       转到状态 14
    statement        转到状态 15
    if_statement     转到状态 16
    while_statement  转到状态 17
    for_statement    转到状态 18
    printf           转到状态 19
    scanf            转到状态 20
    declaration      转到状态 21
    T                转到状态 22


状态 1

   22 printf: PRINTF . LPAREN expr RPAREN

    LPAREN  偏移，并进入状态 23


状态 2

   23 scanf: SCANF . LPAREN expr RPAREN

    LPAREN  偏移，并进入状态 24


状态 3

   55 T: T_CHAR .

    $default  使用规则 55 以归约 (T)


状态 4

   54 T: T_INT .

    $default  使用规则 54 以归约 (T)


状态 5

   56 T: T_BOOL .

    $default  使用规则 56 以归约 (T)


状态 6

   57 T: T_VOID .

    $default  使用规则 57 以归约 (T)


状态 7

    4 statement: SEMICOLON .

    $default  使用规则 4 以归约 (statement)


状态 8

   27 declaration: IDENTIFIER . ASSIGN expr SEMICOLON
   28            | IDENTIFIER . ADD_ASSIGN expr SEMICOLON
   29            | IDENTIFIER . SUB_ASSIGN expr SEMICOLON

    ASSIGN      偏移，并进入状态 25
    ADD_ASSIGN  偏移，并进入状态 26
    SUB_ASSIGN  偏移，并进入状态 27


状态 9

   12 if_statement: IF . bool_statement statement ELSE statement
   13             | IF . bool_statement statement

    LPAREN  偏移，并进入状态 28

    bool_statement  转到状态 29


状态 10

   14 while_statement: WHILE . bool_statement statement

    LPAREN  偏移，并进入状态 28

    bool_statement  转到状态 30


状态 11

   15 for_statement: FOR . for_bool_statement statement

    LPAREN  偏移，并进入状态 31

    for_bool_statement  转到状态 32


状态 12

    9 statement: LBRACE . statements RBRACE

    PRINTF      偏移，并进入状态 1
    SCANF       偏移，并进入状态 2
    T_CHAR      偏移，并进入状态 3
    T_INT       偏移，并进入状态 4
    T_BOOL      偏移，并进入状态 5
    T_VOID      偏移，并进入状态 6
    SEMICOLON   偏移，并进入状态 7
    IDENTIFIER  偏移，并进入状态 8
    IF          偏移，并进入状态 9
    WHILE       偏移，并进入状态 10
    FOR         偏移，并进入状态 11
    LBRACE      偏移，并进入状态 12

    statements       转到状态 33
    statement        转到状态 15
    if_statement     转到状态 16
    while_statement  转到状态 17
    for_statement    转到状态 18
    printf           转到状态 19
    scanf            转到状态 20
    declaration      转到状态 21
    T                转到状态 22


状态 13

    0 $accept: program . $end

    $end  偏移，并进入状态 34


状态 14

    1 program: statements .
    3 statements: statements . statement

    PRINTF      偏移，并进入状态 1
    SCANF       偏移，并进入状态 2
    T_CHAR      偏移，并进入状态 3
    T_INT       偏移，并进入状态 4
    T_BOOL      偏移，并进入状态 5
    T_VOID      偏移，并进入状态 6
    SEMICOLON   偏移，并进入状态 7
    IDENTIFIER  偏移，并进入状态 8
    IF          偏移，并进入状态 9
    WHILE       偏移，并进入状态 10
    FOR         偏移，并进入状态 11
    LBRACE      偏移，并进入状态 12

    $default  使用规则 1 以归约 (program)

    statement        转到状态 35
    if_statement     转到状态 16
    while_statement  转到状态 17
    for_statement    转到状态 18
    printf           转到状态 19
    scanf            转到状态 20
    declaration      转到状态 21
    T                转到状态 22


状态 15

    2 statements: statement .

    $default  使用规则 2 以归约 (statements)


状态 16

    6 statement: if_statement .

    $default  使用规则 6 以归约 (statement)


状态 17

    7 statement: while_statement .

    $default  使用规则 7 以归约 (statement)


状态 18

    8 statement: for_statement .

    $default  使用规则 8 以归约 (statement)


状态 19

   10 statement: printf . SEMICOLON

    SEMICOLON  偏移，并进入状态 36


状态 20

   11 statement: scanf . SEMICOLON

    SEMICOLON  偏移，并进入状态 37


状态 21

    5 statement: declaration .

    $default  使用规则 5 以归约 (statement)


状态 22

   24 declaration: T . IDENTIFIER ASSIGN expr SEMICOLON
   25            | T . IDENTIFIER SEMICOLON
   26            | T . IDENTIFIERS SEMICOLON

    IDENTIFIER  偏移，并进入状态 38

    IDENTIFIERS  转到状态 39


状态 23

   22 printf: PRINTF LPAREN . expr RPAREN

    IDENTIFIER  偏移，并进入状态 40
    INTEGER     偏移，并进入状态 41
    CHAR        偏移，并进入状态 42
    STRING      偏移，并进入状态 43
    SUB         偏移，并进入状态 44
    UN          偏移，并进入状态 45

    expr  转到状态 46


状态 24

   23 scanf: SCANF LPAREN . expr RPAREN

    IDENTIFIER  偏移，并进入状态 40
    INTEGER     偏移，并进入状态 41
    CHAR        偏移，并进入状态 42
    STRING      偏移，并进入状态 43
    SUB         偏移，并进入状态 44
    UN          偏移，并进入状态 45

    expr  转到状态 47


状态 25

   27 declaration: IDENTIFIER ASSIGN . expr SEMICOLON

    IDENTIFIER  偏移，并进入状态 40
    INTEGER     偏移，并进入状态 41
    CHAR        偏移，并进入状态 42
    STRING      偏移，并进入状态 43
    SUB         偏移，并进入状态 44
    UN          偏移，并进入状态 45

    expr  转到状态 48


状态 26

   28 declaration: IDENTIFIER ADD_ASSIGN . expr SEMICOLON

    IDENTIFIER  偏移，并进入状态 40
    INTEGER     偏移，并进入状态 41
    CHAR        偏移，并进入状态 42
    STRING      偏移，并进入状态 43
    SUB         偏移，并进入状态 44
    UN          偏移，并进入状态 45

    expr  转到状态 49


状态 27

   29 declaration: IDENTIFIER SUB_ASSIGN . expr SEMICOLON

    IDENTIFIER  偏移，并进入状态 40
    INTEGER     偏移，并进入状态 41
    CHAR        偏移，并进入状态 42
    STRING      偏移，并进入状态 43
    SUB         偏移，并进入状态 44
    UN          偏移，并进入状态 45

    expr  转到状态 50


状态 28

   21 bool_statement: LPAREN . bool_expr RPAREN

    IDENTIFIER  偏移，并进入状态 40
    INTEGER     偏移，并进入状态 41
    CHAR        偏移，并进入状态 42
    STRING      偏移，并进入状态 43
    TRUE        偏移，并进入状态 51
    FALSE       偏移，并进入状态 52
    SUB         偏移，并进入状态 44
    UN          偏移，并进入状态 53

    bool_expr  转到状态 54
    expr       转到状态 55


状态 29

   12 if_statement: IF bool_statement . statement ELSE statement
   13             | IF bool_statement . statement

    PRINTF      偏移，并进入状态 1
    SCANF       偏移，并进入状态 2
    T_CHAR      偏移，并进入状态 3
    T_INT       偏移，并进入状态 4
    T_BOOL      偏移，并进入状态 5
    T_VOID      偏移，并进入状态 6
    SEMICOLON   偏移，并进入状态 7
    IDENTIFIER  偏移，并进入状态 8
    IF          偏移，并进入状态 9
    WHILE       偏移，并进入状态 10
    FOR         偏移，并进入状态 11
    LBRACE      偏移，并进入状态 12

    statement        转到状态 56
    if_statement     转到状态 16
    while_statement  转到状态 17
    for_statement    转到状态 18
    printf           转到状态 19
    scanf            转到状态 20
    declaration      转到状态 21
    T                转到状态 22


状态 30

   14 while_statement: WHILE bool_statement . statement

    PRINTF      偏移，并进入状态 1
    SCANF       偏移，并进入状态 2
    T_CHAR      偏移，并进入状态 3
    T_INT       偏移，并进入状态 4
    T_BOOL      偏移，并进入状态 5
    T_VOID      偏移，并进入状态 6
    SEMICOLON   偏移，并进入状态 7
    IDENTIFIER  偏移，并进入状态 8
    IF          偏移，并进入状态 9
    WHILE       偏移，并进入状态 10
    FOR         偏移，并进入状态 11
    LBRACE      偏移，并进入状态 12

    statement        转到状态 57
    if_statement     转到状态 16
    while_statement  转到状态 17
    for_statement    转到状态 18
    printf           转到状态 19
    scanf            转到状态 20
    declaration      转到状态 21
    T                转到状态 22


状态 31

   16 for_bool_statement: LPAREN . declaration SEMICOLON bool_expr SEMICOLON self_assign RPAREN

    T_CHAR      偏移，并进入状态 3
    T_INT       偏移，并进入状态 4
    T_BOOL      偏移，并进入状态 5
    T_VOID      偏移，并进入状态 6
    IDENTIFIER  偏移，并进入状态 8

    declaration  转到状态 58
    T            转到状态 22


状态 32

   15 for_statement: FOR for_bool_statement . statement

    PRINTF      偏移，并进入状态 1
    SCANF       偏移，并进入状态 2
    T_CHAR      偏移，并进入状态 3
    T_INT       偏移，并进入状态 4
    T_BOOL      偏移，并进入状态 5
    T_VOID      偏移，并进入状态 6
    SEMICOLON   偏移，并进入状态 7
    IDENTIFIER  偏移，并进入状态 8
    IF          偏移，并进入状态 9
    WHILE       偏移，并进入状态 10
    FOR         偏移，并进入状态 11
    LBRACE      偏移，并进入状态 12

    statement        转到状态 59
    if_statement     转到状态 16
    while_statement  转到状态 17
    for_statement    转到状态 18
    printf           转到状态 19
    scanf            转到状态 20
    declaration      转到状态 21
    T                转到状态 22


状态 33

    3 statements: statements . statement
    9 statement: LBRACE statements . RBRACE

    PRINTF      偏移，并进入状态 1
    SCANF       偏移，并进入状态 2
    T_CHAR      偏移，并进入状态 3
    T_INT       偏移，并进入状态 4
    T_BOOL      偏移，并进入状态 5
    T_VOID      偏移，并进入状态 6
    SEMICOLON   偏移，并进入状态 7
    IDENTIFIER  偏移，并进入状态 8
    IF          偏移，并进入状态 9
    WHILE       偏移，并进入状态 10
    FOR         偏移，并进入状态 11
    LBRACE      偏移，并进入状态 12
    RBRACE      偏移，并进入状态 60

    statement        转到状态 35
    if_statement     转到状态 16
    while_statement  转到状态 17
    for_statement    转到状态 18
    printf           转到状态 19
    scanf            转到状态 20
    declaration      转到状态 21
    T                转到状态 22


状态 34

    0 $accept: program $end .

    $default  接受


状态 35

    3 statements: statements statement .

    $default  使用规则 3 以归约 (statements)


状态 36

   10 statement: printf SEMICOLON .

    $default  使用规则 10 以归约 (statement)


状态 37

   11 statement: scanf SEMICOLON .

    $default  使用规则 11 以归约 (statement)


状态 38

   24 declaration: T IDENTIFIER . ASSIGN expr SEMICOLON
   25            | T IDENTIFIER . SEMICOLON
   30 IDENTIFIERS: IDENTIFIER . COMMA IDENTIFIERS
   31            | IDENTIFIER .

    ASSIGN     偏移，并进入状态 61
    SEMICOLON  偏移，并进入状态 62
    COMMA      偏移，并进入状态 63

    SEMICOLON  [使用规则 31 以归约 (IDENTIFIERS)]


状态 39

   26 declaration: T IDENTIFIERS . SEMICOLON

    SEMICOLON  偏移，并进入状态 64


状态 40

   50 expr: IDENTIFIER .

    $default  使用规则 50 以归约 (expr)


状态 41

   51 expr: INTEGER .

    $default  使用规则 51 以归约 (expr)


状态 42

   52 expr: CHAR .

    $default  使用规则 52 以归约 (expr)


状态 43

   53 expr: STRING .

    $default  使用规则 53 以归约 (expr)


状态 44

   49 expr: SUB . expr

    IDENTIFIER  偏移，并进入状态 40
    INTEGER     偏移，并进入状态 41
    CHAR        偏移，并进入状态 42
    STRING      偏移，并进入状态 43
    SUB         偏移，并进入状态 44
    UN          偏移，并进入状态 45

    expr  转到状态 65


状态 45

   48 expr: UN . expr

    IDENTIFIER  偏移，并进入状态 40
    INTEGER     偏移，并进入状态 41
    CHAR        偏移，并进入状态 42
    STRING      偏移，并进入状态 43
    SUB         偏移，并进入状态 44
    UN          偏移，并进入状态 45

    expr  转到状态 66


状态 46

   22 printf: PRINTF LPAREN expr . RPAREN
   43 expr: expr . ADD expr
   44     | expr . SUB expr
   45     | expr . MUL expr
   46     | expr . DIV expr
   47     | expr . MODULA expr

    ADD     偏移，并进入状态 67
    SUB     偏移，并进入状态 68
    MUL     偏移，并进入状态 69
    DIV     偏移，并进入状态 70
    MODULA  偏移，并进入状态 71
    RPAREN  偏移，并进入状态 72


状态 47

   23 scanf: SCANF LPAREN expr . RPAREN
   43 expr: expr . ADD expr
   44     | expr . SUB expr
   45     | expr . MUL expr
   46     | expr . DIV expr
   47     | expr . MODULA expr

    ADD     偏移，并进入状态 67
    SUB     偏移，并进入状态 68
    MUL     偏移，并进入状态 69
    DIV     偏移，并进入状态 70
    MODULA  偏移，并进入状态 71
    RPAREN  偏移，并进入状态 73


状态 48

   27 declaration: IDENTIFIER ASSIGN expr . SEMICOLON
   43 expr: expr . ADD expr
   44     | expr . SUB expr
   45     | expr . MUL expr
   46     | expr . DIV expr
   47     | expr . MODULA expr

    SEMICOLON  偏移，并进入状态 74
    ADD        偏移，并进入状态 67
    SUB        偏移，并进入状态 68
    MUL        偏移，并进入状态 69
    DIV        偏移，并进入状态 70
    MODULA     偏移，并进入状态 71


状态 49

   28 declaration: IDENTIFIER ADD_ASSIGN expr . SEMICOLON
   43 expr: expr . ADD expr
   44     | expr . SUB expr
   45     | expr . MUL expr
   46     | expr . DIV expr
   47     | expr . MODULA expr

    SEMICOLON  偏移，并进入状态 75
    ADD        偏移，并进入状态 67
    SUB        偏移，并进入状态 68
    MUL        偏移，并进入状态 69
    DIV        偏移，并进入状态 70
    MODULA     偏移，并进入状态 71


状态 50

   29 declaration: IDENTIFIER SUB_ASSIGN expr . SEMICOLON
   43 expr: expr . ADD expr
   44     | expr . SUB expr
   45     | expr . MUL expr
   46     | expr . DIV expr
   47     | expr . MODULA expr

    SEMICOLON  偏移，并进入状态 76
    ADD        偏移，并进入状态 67
    SUB        偏移，并进入状态 68
    MUL        偏移，并进入状态 69
    DIV        偏移，并进入状态 70
    MODULA     偏移，并进入状态 71


状态 51

   32 bool_expr: TRUE .

    $default  使用规则 32 以归约 (bool_expr)


状态 52

   33 bool_expr: FALSE .

    $default  使用规则 33 以归约 (bool_expr)


状态 53

   35 bool_expr: UN . bool_expr
   48 expr: UN . expr

    IDENTIFIER  偏移，并进入状态 40
    INTEGER     偏移，并进入状态 41
    CHAR        偏移，并进入状态 42
    STRING      偏移，并进入状态 43
    TRUE        偏移，并进入状态 51
    FALSE       偏移，并进入状态 52
    SUB         偏移，并进入状态 44
    UN          偏移，并进入状态 53

    bool_expr  转到状态 77
    expr       转到状态 78


状态 54

   21 bool_statement: LPAREN bool_expr . RPAREN
   36 bool_expr: bool_expr . OR bool_expr
   37          | bool_expr . AND bool_expr

    AND     偏移，并进入状态 79
    OR      偏移，并进入状态 80
    RPAREN  偏移，并进入状态 81


状态 55

   34 bool_expr: expr . EQ expr
   38          | expr . UNEQ expr
   39          | expr . BIGGER expr
   40          | expr . SMALLER expr
   41          | expr . SMALLER_EQ expr
   42          | expr . BIGGER_EQ expr
   43 expr: expr . ADD expr
   44     | expr . SUB expr
   45     | expr . MUL expr
   46     | expr . DIV expr
   47     | expr . MODULA expr

    EQ          偏移，并进入状态 82
    UNEQ        偏移，并进入状态 83
    BIGGER      偏移，并进入状态 84
    SMALLER     偏移，并进入状态 85
    BIGGER_EQ   偏移，并进入状态 86
    SMALLER_EQ  偏移，并进入状态 87
    ADD         偏移，并进入状态 67
    SUB         偏移，并进入状态 68
    MUL         偏移，并进入状态 69
    DIV         偏移，并进入状态 70
    MODULA      偏移，并进入状态 71


状态 56

   12 if_statement: IF bool_statement statement . ELSE statement
   13             | IF bool_statement statement .

    ELSE  偏移，并进入状态 88

    $default  使用规则 13 以归约 (if_statement)


状态 57

   14 while_statement: WHILE bool_statement statement .

    $default  使用规则 14 以归约 (while_statement)


状态 58

   16 for_bool_statement: LPAREN declaration . SEMICOLON bool_expr SEMICOLON self_assign RPAREN

    SEMICOLON  偏移，并进入状态 89


状态 59

   15 for_statement: FOR for_bool_statement statement .

    $default  使用规则 15 以归约 (for_statement)


状态 60

    9 statement: LBRACE statements RBRACE .

    $default  使用规则 9 以归约 (statement)


状态 61

   24 declaration: T IDENTIFIER ASSIGN . expr SEMICOLON

    IDENTIFIER  偏移，并进入状态 40
    INTEGER     偏移，并进入状态 41
    CHAR        偏移，并进入状态 42
    STRING      偏移，并进入状态 43
    SUB         偏移，并进入状态 44
    UN          偏移，并进入状态 45

    expr  转到状态 90


状态 62

   25 declaration: T IDENTIFIER SEMICOLON .

    $default  使用规则 25 以归约 (declaration)


状态 63

   30 IDENTIFIERS: IDENTIFIER COMMA . IDENTIFIERS

    IDENTIFIER  偏移，并进入状态 91

    IDENTIFIERS  转到状态 92


状态 64

   26 declaration: T IDENTIFIERS SEMICOLON .

    $default  使用规则 26 以归约 (declaration)


状态 65

   43 expr: expr . ADD expr
   44     | expr . SUB expr
   45     | expr . MUL expr
   46     | expr . DIV expr
   47     | expr . MODULA expr
   49     | SUB expr .

    MUL     偏移，并进入状态 69
    DIV     偏移，并进入状态 70
    MODULA  偏移，并进入状态 71

    $default  使用规则 49 以归约 (expr)


状态 66

   43 expr: expr . ADD expr
   44     | expr . SUB expr
   45     | expr . MUL expr
   46     | expr . DIV expr
   47     | expr . MODULA expr
   48     | UN expr .

    $default  使用规则 48 以归约 (expr)


状态 67

   43 expr: expr ADD . expr

    IDENTIFIER  偏移，并进入状态 40
    INTEGER     偏移，并进入状态 41
    CHAR        偏移，并进入状态 42
    STRING      偏移，并进入状态 43
    SUB         偏移，并进入状态 44
    UN          偏移，并进入状态 45

    expr  转到状态 93


状态 68

   44 expr: expr SUB . expr

    IDENTIFIER  偏移，并进入状态 40
    INTEGER     偏移，并进入状态 41
    CHAR        偏移，并进入状态 42
    STRING      偏移，并进入状态 43
    SUB         偏移，并进入状态 44
    UN          偏移，并进入状态 45

    expr  转到状态 94


状态 69

   45 expr: expr MUL . expr

    IDENTIFIER  偏移，并进入状态 40
    INTEGER     偏移，并进入状态 41
    CHAR        偏移，并进入状态 42
    STRING      偏移，并进入状态 43
    SUB         偏移，并进入状态 44
    UN          偏移，并进入状态 45

    expr  转到状态 95


状态 70

   46 expr: expr DIV . expr

    IDENTIFIER  偏移，并进入状态 40
    INTEGER     偏移，并进入状态 41
    CHAR        偏移，并进入状态 42
    STRING      偏移，并进入状态 43
    SUB         偏移，并进入状态 44
    UN          偏移，并进入状态 45

    expr  转到状态 96


状态 71

   47 expr: expr MODULA . expr

    IDENTIFIER  偏移，并进入状态 40
    INTEGER     偏移，并进入状态 41
    CHAR        偏移，并进入状态 42
    STRING      偏移，并进入状态 43
    SUB         偏移，并进入状态 44
    UN          偏移，并进入状态 45

    expr  转到状态 97


状态 72

   22 printf: PRINTF LPAREN expr RPAREN .

    $default  使用规则 22 以归约 (printf)


状态 73

   23 scanf: SCANF LPAREN expr RPAREN .

    $default  使用规则 23 以归约 (scanf)


状态 74

   27 declaration: IDENTIFIER ASSIGN expr SEMICOLON .

    $default  使用规则 27 以归约 (declaration)


状态 75

   28 declaration: IDENTIFIER ADD_ASSIGN expr SEMICOLON .

    $default  使用规则 28 以归约 (declaration)


状态 76

   29 declaration: IDENTIFIER SUB_ASSIGN expr SEMICOLON .

    $default  使用规则 29 以归约 (declaration)


状态 77

   35 bool_expr: UN bool_expr .
   36          | bool_expr . OR bool_expr
   37          | bool_expr . AND bool_expr

    AND  偏移，并进入状态 79
    OR   偏移，并进入状态 80

    AND       [使用规则 35 以归约 (bool_expr)]
    OR        [使用规则 35 以归约 (bool_expr)]
    $default  使用规则 35 以归约 (bool_expr)


状态 78

   34 bool_expr: expr . EQ expr
   38          | expr . UNEQ expr
   39          | expr . BIGGER expr
   40          | expr . SMALLER expr
   41          | expr . SMALLER_EQ expr
   42          | expr . BIGGER_EQ expr
   43 expr: expr . ADD expr
   44     | expr . SUB expr
   45     | expr . MUL expr
   46     | expr . DIV expr
   47     | expr . MODULA expr
   48     | UN expr .

    EQ          偏移，并进入状态 82
    UNEQ        偏移，并进入状态 83
    BIGGER      偏移，并进入状态 84
    SMALLER     偏移，并进入状态 85
    BIGGER_EQ   偏移，并进入状态 86
    SMALLER_EQ  偏移，并进入状态 87

    EQ          [使用规则 48 以归约 (expr)]
    UNEQ        [使用规则 48 以归约 (expr)]
    BIGGER      [使用规则 48 以归约 (expr)]
    SMALLER     [使用规则 48 以归约 (expr)]
    BIGGER_EQ   [使用规则 48 以归约 (expr)]
    SMALLER_EQ  [使用规则 48 以归约 (expr)]
    $default    使用规则 48 以归约 (expr)


状态 79

   37 bool_expr: bool_expr AND . bool_expr

    IDENTIFIER  偏移，并进入状态 40
    INTEGER     偏移，并进入状态 41
    CHAR        偏移，并进入状态 42
    STRING      偏移，并进入状态 43
    TRUE        偏移，并进入状态 51
    FALSE       偏移，并进入状态 52
    SUB         偏移，并进入状态 44
    UN          偏移，并进入状态 53

    bool_expr  转到状态 98
    expr       转到状态 55


状态 80

   36 bool_expr: bool_expr OR . bool_expr

    IDENTIFIER  偏移，并进入状态 40
    INTEGER     偏移，并进入状态 41
    CHAR        偏移，并进入状态 42
    STRING      偏移，并进入状态 43
    TRUE        偏移，并进入状态 51
    FALSE       偏移，并进入状态 52
    SUB         偏移，并进入状态 44
    UN          偏移，并进入状态 53

    bool_expr  转到状态 99
    expr       转到状态 55


状态 81

   21 bool_statement: LPAREN bool_expr RPAREN .

    $default  使用规则 21 以归约 (bool_statement)


状态 82

   34 bool_expr: expr EQ . expr

    IDENTIFIER  偏移，并进入状态 40
    INTEGER     偏移，并进入状态 41
    CHAR        偏移，并进入状态 42
    STRING      偏移，并进入状态 43
    SUB         偏移，并进入状态 44
    UN          偏移，并进入状态 45

    expr  转到状态 100


状态 83

   38 bool_expr: expr UNEQ . expr

    IDENTIFIER  偏移，并进入状态 40
    INTEGER     偏移，并进入状态 41
    CHAR        偏移，并进入状态 42
    STRING      偏移，并进入状态 43
    SUB         偏移，并进入状态 44
    UN          偏移，并进入状态 45

    expr  转到状态 101


状态 84

   39 bool_expr: expr BIGGER . expr

    IDENTIFIER  偏移，并进入状态 40
    INTEGER     偏移，并进入状态 41
    CHAR        偏移，并进入状态 42
    STRING      偏移，并进入状态 43
    SUB         偏移，并进入状态 44
    UN          偏移，并进入状态 45

    expr  转到状态 102


状态 85

   40 bool_expr: expr SMALLER . expr

    IDENTIFIER  偏移，并进入状态 40
    INTEGER     偏移，并进入状态 41
    CHAR        偏移，并进入状态 42
    STRING      偏移，并进入状态 43
    SUB         偏移，并进入状态 44
    UN          偏移，并进入状态 45

    expr  转到状态 103


状态 86

   42 bool_expr: expr BIGGER_EQ . expr

    IDENTIFIER  偏移，并进入状态 40
    INTEGER     偏移，并进入状态 41
    CHAR        偏移，并进入状态 42
    STRING      偏移，并进入状态 43
    SUB         偏移，并进入状态 44
    UN          偏移，并进入状态 45

    expr  转到状态 104


状态 87

   41 bool_expr: expr SMALLER_EQ . expr

    IDENTIFIER  偏移，并进入状态 40
    INTEGER     偏移，并进入状态 41
    CHAR        偏移，并进入状态 42
    STRING      偏移，并进入状态 43
    SUB         偏移，并进入状态 44
    UN          偏移，并进入状态 45

    expr  转到状态 105


状态 88

   12 if_statement: IF bool_statement statement ELSE . statement

    PRINTF      偏移，并进入状态 1
    SCANF       偏移，并进入状态 2
    T_CHAR      偏移，并进入状态 3
    T_INT       偏移，并进入状态 4
    T_BOOL      偏移，并进入状态 5
    T_VOID      偏移，并进入状态 6
    SEMICOLON   偏移，并进入状态 7
    IDENTIFIER  偏移，并进入状态 8
    IF          偏移，并进入状态 9
    WHILE       偏移，并进入状态 10
    FOR         偏移，并进入状态 11
    LBRACE      偏移，并进入状态 12

    statement        转到状态 106
    if_statement     转到状态 16
    while_statement  转到状态 17
    for_statement    转到状态 18
    printf           转到状态 19
    scanf            转到状态 20
    declaration      转到状态 21
    T                转到状态 22


状态 89

   16 for_bool_statement: LPAREN declaration SEMICOLON . bool_expr SEMICOLON self_assign RPAREN

    IDENTIFIER  偏移，并进入状态 40
    INTEGER     偏移，并进入状态 41
    CHAR        偏移，并进入状态 42
    STRING      偏移，并进入状态 43
    TRUE        偏移，并进入状态 51
    FALSE       偏移，并进入状态 52
    SUB         偏移，并进入状态 44
    UN          偏移，并进入状态 53

    bool_expr  转到状态 107
    expr       转到状态 55


状态 90

   24 declaration: T IDENTIFIER ASSIGN expr . SEMICOLON
   43 expr: expr . ADD expr
   44     | expr . SUB expr
   45     | expr . MUL expr
   46     | expr . DIV expr
   47     | expr . MODULA expr

    SEMICOLON  偏移，并进入状态 108
    ADD        偏移，并进入状态 67
    SUB        偏移，并进入状态 68
    MUL        偏移，并进入状态 69
    DIV        偏移，并进入状态 70
    MODULA     偏移，并进入状态 71


状态 91

   30 IDENTIFIERS: IDENTIFIER . COMMA IDENTIFIERS
   31            | IDENTIFIER .

    COMMA  偏移，并进入状态 63

    $default  使用规则 31 以归约 (IDENTIFIERS)


状态 92

   30 IDENTIFIERS: IDENTIFIER COMMA IDENTIFIERS .

    $default  使用规则 30 以归约 (IDENTIFIERS)


状态 93

   43 expr: expr . ADD expr
   43     | expr ADD expr .
   44     | expr . SUB expr
   45     | expr . MUL expr
   46     | expr . DIV expr
   47     | expr . MODULA expr

    MUL     偏移，并进入状态 69
    DIV     偏移，并进入状态 70
    MODULA  偏移，并进入状态 71

    $default  使用规则 43 以归约 (expr)


状态 94

   43 expr: expr . ADD expr
   44     | expr . SUB expr
   44     | expr SUB expr .
   45     | expr . MUL expr
   46     | expr . DIV expr
   47     | expr . MODULA expr

    MUL     偏移，并进入状态 69
    DIV     偏移，并进入状态 70
    MODULA  偏移，并进入状态 71

    $default  使用规则 44 以归约 (expr)


状态 95

   43 expr: expr . ADD expr
   44     | expr . SUB expr
   45     | expr . MUL expr
   45     | expr MUL expr .
   46     | expr . DIV expr
   47     | expr . MODULA expr

    $default  使用规则 45 以归约 (expr)


状态 96

   43 expr: expr . ADD expr
   44     | expr . SUB expr
   45     | expr . MUL expr
   46     | expr . DIV expr
   46     | expr DIV expr .
   47     | expr . MODULA expr

    $default  使用规则 46 以归约 (expr)


状态 97

   43 expr: expr . ADD expr
   44     | expr . SUB expr
   45     | expr . MUL expr
   46     | expr . DIV expr
   47     | expr . MODULA expr
   47     | expr MODULA expr .

    $default  使用规则 47 以归约 (expr)


状态 98

   36 bool_expr: bool_expr . OR bool_expr
   37          | bool_expr . AND bool_expr
   37          | bool_expr AND bool_expr .

    AND  偏移，并进入状态 79
    OR   偏移，并进入状态 80

    AND       [使用规则 37 以归约 (bool_expr)]
    OR        [使用规则 37 以归约 (bool_expr)]
    $default  使用规则 37 以归约 (bool_expr)


状态 99

   36 bool_expr: bool_expr . OR bool_expr
   36          | bool_expr OR bool_expr .
   37          | bool_expr . AND bool_expr

    AND  偏移，并进入状态 79
    OR   偏移，并进入状态 80

    AND       [使用规则 36 以归约 (bool_expr)]
    OR        [使用规则 36 以归约 (bool_expr)]
    $default  使用规则 36 以归约 (bool_expr)


状态 100

   34 bool_expr: expr EQ expr .
   43 expr: expr . ADD expr
   44     | expr . SUB expr
   45     | expr . MUL expr
   46     | expr . DIV expr
   47     | expr . MODULA expr

    ADD     偏移，并进入状态 67
    SUB     偏移，并进入状态 68
    MUL     偏移，并进入状态 69
    DIV     偏移，并进入状态 70
    MODULA  偏移，并进入状态 71

    $default  使用规则 34 以归约 (bool_expr)


状态 101

   38 bool_expr: expr UNEQ expr .
   43 expr: expr . ADD expr
   44     | expr . SUB expr
   45     | expr . MUL expr
   46     | expr . DIV expr
   47     | expr . MODULA expr

    ADD     偏移，并进入状态 67
    SUB     偏移，并进入状态 68
    MUL     偏移，并进入状态 69
    DIV     偏移，并进入状态 70
    MODULA  偏移，并进入状态 71

    $default  使用规则 38 以归约 (bool_expr)


状态 102

   39 bool_expr: expr BIGGER expr .
   43 expr: expr . ADD expr
   44     | expr . SUB expr
   45     | expr . MUL expr
   46     | expr . DIV expr
   47     | expr . MODULA expr

    ADD     偏移，并进入状态 67
    SUB     偏移，并进入状态 68
    MUL     偏移，并进入状态 69
    DIV     偏移，并进入状态 70
    MODULA  偏移，并进入状态 71

    $default  使用规则 39 以归约 (bool_expr)


状态 103

   40 bool_expr: expr SMALLER expr .
   43 expr: expr . ADD expr
   44     | expr . SUB expr
   45     | expr . MUL expr
   46     | expr . DIV expr
   47     | expr . MODULA expr

    ADD     偏移，并进入状态 67
    SUB     偏移，并进入状态 68
    MUL     偏移，并进入状态 69
    DIV     偏移，并进入状态 70
    MODULA  偏移，并进入状态 71

    $default  使用规则 40 以归约 (bool_expr)


状态 104

   42 bool_expr: expr BIGGER_EQ expr .
   43 expr: expr . ADD expr
   44     | expr . SUB expr
   45     | expr . MUL expr
   46     | expr . DIV expr
   47     | expr . MODULA expr

    ADD     偏移，并进入状态 67
    SUB     偏移，并进入状态 68
    MUL     偏移，并进入状态 69
    DIV     偏移，并进入状态 70
    MODULA  偏移，并进入状态 71

    $default  使用规则 42 以归约 (bool_expr)


状态 105

   41 bool_expr: expr SMALLER_EQ expr .
   43 expr: expr . ADD expr
   44     | expr . SUB expr
   45     | expr . MUL expr
   46     | expr . DIV expr
   47     | expr . MODULA expr

    ADD     偏移，并进入状态 67
    SUB     偏移，并进入状态 68
    MUL     偏移，并进入状态 69
    DIV     偏移，并进入状态 70
    MODULA  偏移，并进入状态 71

    $default  使用规则 41 以归约 (bool_expr)


状态 106

   12 if_statement: IF bool_statement statement ELSE statement .

    $default  使用规则 12 以归约 (if_statement)


状态 107

   16 for_bool_statement: LPAREN declaration SEMICOLON bool_expr . SEMICOLON self_assign RPAREN
   36 bool_expr: bool_expr . OR bool_expr
   37          | bool_expr . AND bool_expr

    SEMICOLON  偏移，并进入状态 109
    AND        偏移，并进入状态 79
    OR         偏移，并进入状态 80


状态 108

   24 declaration: T IDENTIFIER ASSIGN expr SEMICOLON .

    $default  使用规则 24 以归约 (declaration)


状态 109

   16 for_bool_statement: LPAREN declaration SEMICOLON bool_expr SEMICOLON . self_assign RPAREN

    SELF_ADD    偏移，并进入状态 110
    SELF_SUB    偏移，并进入状态 111
    IDENTIFIER  偏移，并进入状态 112

    self_assign  转到状态 113


状态 110

   19 self_assign: SELF_ADD . IDENTIFIER

    IDENTIFIER  偏移，并进入状态 114


状态 111

   20 self_assign: SELF_SUB . IDENTIFIER

    IDENTIFIER  偏移，并进入状态 115


状态 112

   17 self_assign: IDENTIFIER . SELF_ADD
   18            | IDENTIFIER . SELF_SUB

    SELF_ADD  偏移，并进入状态 116
    SELF_SUB  偏移，并进入状态 117


状态 113

   16 for_bool_statement: LPAREN declaration SEMICOLON bool_expr SEMICOLON self_assign . RPAREN

    RPAREN  偏移，并进入状态 118


状态 114

   19 self_assign: SELF_ADD IDENTIFIER .

    $default  使用规则 19 以归约 (self_assign)


状态 115

   20 self_assign: SELF_SUB IDENTIFIER .

    $default  使用规则 20 以归约 (self_assign)


状态 116

   17 self_assign: IDENTIFIER SELF_ADD .

    $default  使用规则 17 以归约 (self_assign)


状态 117

   18 self_assign: IDENTIFIER SELF_SUB .

    $default  使用规则 18 以归约 (self_assign)


状态 118

   16 for_bool_statement: LPAREN declaration SEMICOLON bool_expr SEMICOLON self_assign RPAREN .

    $default  使用规则 16 以归约 (for_bool_statement)
